A2ML1 8
A4GALT 2
AAAS 19
AAGAB 10
AARS1 34
AARS2 30
AASS 7
ABAT 9
ABCA1 18
ABCA12 24
ABCA2 12
ABCA3 15
ABCA4 20
ABCA5 6
ABCA7 6
ABCB1 32
ABCB11 26
ABCB4 54
ABCB6 6
ABCB7 9
ABCC1 4
ABCC11 1
ABCC2 6
ABCC6 19
ABCC8 38
ABCC9 31
ABCD1 38
ABCD3 14
ABCD4 10
ABCG2 3
ABCG5 5
ABCG8 41
ABHD12 16
ABHD16A 13
ABHD5 22
ABL1 31
ACACA 8
ACAD8 7
ACAD9 23
ACADM 7
ACADS 9
ACADSB 10
ACADVL 10
ACAN 19
ACAT1 14
ACBD5 10
ACD 24
ACE 84
ACER3 5
ACKR1 22
ACKR3 6
ACO2 22
ACOX1 14
ACOX2 13
ACP2 18
ACP4 1
ACP5 18
ACR 5
ACSF3 7
ACSL4 13
ACSL5 9
ACSL6 27
ACSM3 10
ACTA1 21
ACTA2 34
ACTB 34
ACTC1 47
ACTG1 10
ACTG2 37
ACTL6B 20
ACTL7A 5
ACTL9 4
ACTN1 9
ACTN2 46
ACTN4 5
ACVR1 16
ACVR1B 28
ACVR2B 7
ACVRL1 8
ACY1 5
ADA 35
ADA2 20
ADAM10 13
ADAM17 20
ADAM22 9
ADAM9 6
ADAMTS10 10
ADAMTS13 25
ADAMTS15 6
ADAMTS17 12
ADAMTS18 2
ADAMTS19 11
ADAMTS2 8
ADAMTS3 10
ADAMTSL2 8
ADAMTSL4 7
ADAR 23
ADARB1 11
ADAT3 6
ADCY1 3
ADCY10 17
ADCY3 7
ADCY5 21
ADCY6 13
ADD1 7
ADD3 9
ADGRE2 12
ADGRG1 20
ADGRG2 5
ADGRG6 11
ADGRL1 12
ADGRV1 18
ADH1B 24
ADH1C 20
ADIPOQ 8
ADK 13
ADNP 12
ADRA2A 3
ADRA2C 8
ADRB2 6
ADRB3 12
ADSL 9
ADSS1 8
AEBP1 7
AFF2 11
AFF4 10
AFG3L2 34
AFP 1
AGA 16
AGBL1 4
AGBL5 5
AGK 20
AGL 9
AGO1 6
AGO2 7
AGPAT2 15
AGPS 7
AGR2 8
AGRN 15
AGRP 17
AGT 42
AGTPBP1 10
AGTR1 22
AGXT 20
AGXT2 4
AHCY 8
AHDC1 11
AHI1 23
AHR 4
AHSG 12
AICDA 21
AIFM1 50
AIMP1 15
AIMP2 16
AIP 15
AIPL1 15
AIRE 23
AK1 6
AK2 9
AK7 4
AKAP3 5
AKAP9 15
AKR1C2 2
AKR1C4 3
AKR1D1 14
AKT1 57
AKT2 21
AKT3 4
ALAD 54
ALAS2 20
ALB 12
ALDH18A1 39
ALDH1A2 24
ALDH1A3 5
ALDH2 40
ALDH3A2 10
ALDH4A1 6
ALDH5A1 24
ALDH6A1 13
ALDH7A1 11
ALDOA 17
ALDOB 14
ALG1 12
ALG10 16
ALG10B 16
ALG11 16
ALG12 15
ALG13 12
ALG14 27
ALG2 29
ALG3 13
ALG5 15
ALG6 12
ALG8 28
ALG9 25
ALK 8
ALKBH8 14
ALMS1 29
ALOX12B 7
ALOX5 11
ALOX5AP 2
ALOXE3 10
ALPK1 11
ALPK3 25
ALPL 35
ALS2 21
ALX1 4
ALX3 3
ALX4 15
AMACR 21
AMBN 5
AMD1 18
AMELX 3
AMER1 3
AMFR 11
AMH 6
AMHR2 7
AMMECR1 5
AMN 48
AMPD1 9
AMPD2 27
AMT 10
AMTN 2
ANAPC1 13
ANAPC7 13
ANG 9
ANGPT1 30
ANGPT2 11
ANGPTL3 9
ANK1 19
ANK2 31
ANK3 11
ANKH 25
ANKLE2 7
ANKRD11 7
ANKRD17 13
ANKRD26 6
ANKS6 16
ANLN 9
ANO1 40
ANO10 14
ANO3 7
ANO5 24
ANO6 8
ANOS1 9
ANTXR1 16
ANTXR2 17
ANXA11 15
ANXA5 2
AOPEP 7
AP1B1 17
AP1G1 8
AP1S1 11
AP1S2 8
AP1S3 10
AP2M1 13
AP2S1 10
AP3B1 24
AP3B2 13
AP3D1 20
AP4B1 9
AP4E1 20
AP4M1 13
AP4S1 7
AP5Z1 12
APC 100
APC2 20
APCDD1 1
APCS 20
APOA1 44
APOA2 7
APOA5 19
APOB 15
APOC2 17
APOE 34
APOL1 6
APOL2 11
APOL4 13
APP 23
APPL1 11
APRT 13
APTX 18
AQP1 5
AQP2 9
AQP4 9
AQP5 12
AR 60
ARC 11
ARCN1 8
ARF1 11
ARFGEF1 10
ARFGEF2 8
ARG1 9
ARHGAP26 19
ARHGAP31 3
ARHGDIA 10
ARHGEF1 15
ARHGEF10 12
ARHGEF18 6
ARHGEF2 19
ARHGEF9 11
ARID1A 9
ARID1B 8
ARID2 18
ARL13B 20
ARL2 9
ARL2BP 5
ARL3 32
ARL6 23
ARL6IP1 7
ARMC2 5
ARMC5 12
ARMC9 20
ARNT2 13
ARPC1B 23
ARPC4 4
ARPC5 27
ARR3 2
ARSA 21
ARSB 9
ARSG 5
ARSK 8
ARSL 4
ARV1 9
ARX 32
ASAH1 26
ASB10 3
ASCC1 34
ASCC3 11
ASH1L 13
ASL 14
ASNS 13
ASPA 10
ASPH 4
ASPM 7
ASPN 25
ASPRV1 7
ASPSCR1 22
ASS1 16
ASTL 2
ASXL1 24
ASXL2 13
ASXL3 7
ATAD1 9
ATAD3A 26
ATCAY 12
ATF6 6
ATG16L1 21
ATG5 8
ATG7 7
ATIC 10
ATL1 42
ATL3 26
ATM 59
ATN1 22
ATOH1 8
ATOH7 9
ATP11A 17
ATP11C 13
ATP13A2 28
ATP13A3 21
ATP1A1 14
ATP1A2 53
ATP1A3 56
ATP2A1 9
ATP2A2 15
ATP2B1 9
ATP2B2 8
ATP2B3 14
ATP2C1 22
ATP5F1A 28
ATP5F1D 11
ATP5MC3 11
ATP6AP1 20
ATP6AP2 29
ATP6V0A1 21
ATP6V0A2 26
ATP6V0A4 26
ATP6V0C 4
ATP6V1A 21
ATP6V1B1 21
ATP6V1B2 13
ATP6V1E1 6
ATP7A 28
ATP7B 18
ATP8A2 12
ATP8B1 33
ATP9A 14
ATPAF2 21
ATR 24
ATRX 23
ATXN1 14
ATXN10 9
ATXN2 40
ATXN3 29
ATXN7 18
ATXN8 18
ATXN8OS 31
AUH 15
AURKA 10
AURKC 7
AUTS2 19
AVIL 11
AVP 9
AVPR2 25
AXIN1 43
AXIN2 22
B2M 28
B3GALNT2 16
B3GALT6 31
B3GAT3 7
B3GLCT 13
B4GALNT1 9
B4GALT1 15
B4GALT7 18
B4GAT1 12
B9D1 32
B9D2 29
BAAT 13
BACH1 17
BACH2 20
BAG3 20
BAG5 11
BANF1 10
BAP1 27
BARD1 4
BAX 52
BBIP1 13
BBS1 17
BBS10 9
BBS12 15
BBS2 12
BBS4 10
BBS5 13
BBS7 9
BBS9 13
BCAM 2
BCAP31 12
BCAS3 5
BCAT2 18
BCHE 9
BCKDHA 12
BCKDHB 12
BCKDK 5
BCL10 106
BCL11A 4
BCL11B 19
BCL2 26
BCL3 18
BCO1 4
BCOR 4
BCR 33
BCS1L 24
BDP1 4
BEAN1 9
BEST1 22
BFSP1 6
BFSP2 3
BGN 13
BHLHA9 7
BHLHE41 3
BICC1 7
BICD2 17
BICRA 7
BIN1 11
BLK 8
BLM 9
BLNK 14
BLOC1S3 24
BLOC1S5 26
BLOC1S6 27
BLVRA 13
BMP1 8
BMP15 10
BMP2 21
BMP4 11
BMP6 20
BMPER 7
BMPR1A 33
BMPR1B 16
BMPR2 40
BMS1 3
BNC1 10
BNC2 12
BOLA3 15
BPGM 6
BPTF 12
BRAF 75
BRAT1 31
BRCA1 38
BRCA2 105
BRD4 21
BRDT 4
BRF1 14
BRIP1 17
BRPF1 8
BRWD1 21
BRWD3 14
BSCL2 32
BSND 22
BTD 8
BTG4 4
BTK 15
BTNL2 22
BUB1 34
BUB1B 37
BVES 10
C12orf4 12
C12orf57 11
C18orf32 11
C19orf12 33
C1GALT1C1 18
C1QA 12
C1QB 18
C1QBP 15
C1QC 7
C1QTNF5 5
C1R 5
C1S 19
C2 32
C2CD3 10
C2CD6 6
C2orf69 13
C3 45
C4A 11
C4B 7
C5 17
C6 13
C7 15
C8A 20
C8B 7
C9 16
C9orf72 20
CA12 7
CA2 24
CA5A 14
CA8 7
CABP2 6
CABP4 5
CACNA1A 72
CACNA1B 12
CACNA1C 32
CACNA1D 17
CACNA1E 10
CACNA1F 14
CACNA1G 18
CACNA1H 23
CACNA1I 15
CACNA1S 36
CACNA2D2 15
CACNA2D4 7
CACNB2 9
CACNB4 24
CACNG2 13
CAD 11
CADM3 11
CALCR 15
CALCRL 19
CALM1 21
CALM2 15
CALM3 18
CALR 40
CAMK2A 15
CAMK2B 9
CAMK2G 9
CAMLG 12
CAMSAP1 11
CAMTA1 20
CANT1 21
CAP1 12
CAP2 24
CAPN1 9
CAPN10 15
CAPN15 17
CAPN3 24
CAPN5 7
CAPRIN1 8
CARD10 15
CARD11 20
CARD14 25
CARD8 36
CARD9 9
CARMIL2 11
CARS1 8
CARS2 19
CARTPT 11
CASK 22
CASP10 50
CASP12 6
CASP14 8
CASP2 10
CASP8 44
CASQ1 10
CASQ2 13
CASR 50
CAST 4
CAT 6
CATIP 4
CATSPER1 2
CAV1 22
CAV3 50
CAVIN1 15
CBFB 7
CBL 22
CBLB 16
CBLIF 26
CBS 21
CBX2 6
CC2D1A 11
CC2D2A 43
CCBE1 11
CCDC103 23
CCDC115 14
CCDC134 10
CCDC174 11
CCDC22 14
CCDC26 4
CCDC28B 22
CCDC32 9
CCDC39 16
CCDC40 17
CCDC47 10
CCDC50 3
CCDC62 3
CCDC65 25
CCDC78 9
CCDC8 7
CCDC88A 12
CCDC88C 21
CCL11 8
CCL2 54
CCL3 1
CCL3L1 1
CCL5 30
CCM2 9
CCN6 26
CCND1 54
CCND2 6
CCNF 11
CCNK 13
CCNO 16
CCNP 6
CCNQ 3
CCR2 7
CCR5 60
CCT5 18
CD151 15
CD164 8
CD19 23
CD207 7
CD209 39
CD244 15
CD247 19
CD27 12
CD2AP 12
CD320 18
CD36 31
CD3D 12
CD3E 32
CD3G 23
CD4 13
CD40 21
CD40LG 12
CD46 18
CD55 13
CD59 17
CD70 2
CD79A 21
CD79B 11
CD81 21
CD8A 16
CD96 5
CDAN1 13
CDC14A 8
CDC20 1
CDC40 6
CDC42 17
CDC42BPB 10
CDC6 7
CDC73 63
CDCA7 13
CDH1 65
CDH11 11
CDH15 6
CDH19 25
CDH2 44
CDH23 26
CDH3 21
CDHR1 16
CDIN1 9
CDK10 7
CDK13 8
CDK19 13
CDK4 4
CDK5 7
CDK5RAP2 5
CDK6 6
CDK8 12
CDKL5 18
CDKN1B 8
CDKN1C 15
CDKN2A 29
CDON 9
CDS1 36
CDSN 7
CDT1 6
CEACAM16 13
CEBPA 43
CEBPE 26
CEL 24
CELA2A 8
CELF2 9
CELSR1 23
CENATAC 6
CENPE 6
CENPF 7
CENPJ 9
CENPT 3
CEP104 34
CEP112 6
CEP120 28
CEP135 8
CEP152 13
CEP164 14
CEP19 7
CEP250 2
CEP290 49
CEP41 20
CEP55 2
CEP57 6
CEP63 8
CEP78 5
CEP83 14
CEP85L 9
CERKL 6
CERS1 6
CERS3 6
CETP 3
CFAP251 7
CFAP298 14
CFAP300 24
CFAP410 12
CFAP418 16
CFAP43 13
CFAP44 4
CFAP45 5
CFAP47 5
CFAP52 1
CFAP53 6
CFAP58 2
CFAP61 4
CFAP65 6
CFAP69 3
CFAP70 4
CFAP74 29
CFAP91 5
CFB 16
CFC1 4
CFD 8
CFH 36
CFHR1 24
CFHR3 59
CFHR5 5
CFI 44
CFL2 17
CFTR 76
CHAMP1 9
CHAT 18
CHCHD10 27
CHCHD2 12
CHD1 14
CHD2 9
CHD3 11
CHD4 8
CHD5 6
CHD7 13
CHD8 13
CHEK1 3
CHEK2 36
CHI3L1 29
CHIC2 23
CHKA 10
CHKB 6
CHM 3
CHMP1A 11
CHMP2B 21
CHMP4B 3
CHN1 31
CHN2 32
CHP1 14
CHRDL1 3
CHRM3 8
CHRNA1 27
CHRNA2 6
CHRNA3 14
CHRNA4 14
CHRNA5 16
CHRNB1 22
CHRNB2 6
CHRND 32
CHRNE 21
CHRNG 27
CHST11 2
CHST14 25
CHST3 11
CHST6 8
CHSY1 5
CHUK 24
CIB1 7
CIB2 14
CIC 12
CIDEC 7
CIITA 26
CILP 8
CIROP 13
CISD2 14
CISH 17
CIT 6
CITED2 15
CKAP2L 3
CLC 9
CLCC1 7
CLCF1 9
CLCN1 16
CLCN2 32
CLCN3 14
CLCN4 8
CLCN5 41
CLCN6 8
CLCN7 31
CLCNKA 15
CLCNKB 25
CLDN1 12
CLDN10 7
CLDN11 6
CLDN14 5
CLDN16 5
CLDN19 11
CLDN2 20
CLDN9 4
CLEC1A 19
CLEC3B 4
CLEC7A 30
CLIC2 11
CLIC5 5
CLK1 39
CLK2 11
CLMP 14
CLN3 10
CLN5 11
CLN6 22
CLN8 10
CLP1 11
CLPB 38
CLPP 8
CLPX 24
CLRN1 6
CLRN2 6
CLTC 13
CLXN 15
CMC1 13
CNBP 34
CNGA1 4
CNGA3 4
CNGB1 6
CNGB3 4
CNKSR2 9
CNNM2 11
CNNM4 5
CNOT1 8
CNOT2 4
CNOT3 13
CNP 15
CNPY3 13
CNTN1 18
CNTN2 10
CNTNAP1 24
CNTNAP2 12
COA3 14
COA5 16
COA6 22
COA7 20
COASY 18
COCH 13
COG1 15
COG2 18
COG3 7
COG4 21
COG5 12
COG6 19
COG7 10
COG8 12
COL10A1 5
COL11A1 47
COL11A2 24
COL12A1 22
COL13A1 11
COL17A1 30
COL18A1 19
COL1A1 50
COL1A2 35
COL25A1 5
COL27A1 9
COL2A1 74
COL3A1 14
COL4A1 43
COL4A2 30
COL4A3 13
COL4A4 14
COL4A5 4
COL4A6 6
COL5A1 41
COL5A2 8
COL6A1 22
COL6A2 39
COL6A3 31
COL7A1 41
COL8A2 20
COL9A1 23
COL9A2 28
COL9A3 48
COLEC10 12
COLEC11 16
COLGALT1 12
COLQ 19
COMP 43
COMT 50
COPA 9
COPB2 17
COQ2 35
COQ4 31
COQ5 15
COQ6 11
COQ7 25
COQ8B 8
COQ9 13
CORIN 20
CORO1A 33
COX10 14
COX11 12
COX14 16
COX15 9
COX16 14
COX20 27
COX4I1 12
COX4I2 9
COX5A 14
COX6A1 17
COX6A2 20
COX6B1 16
COX7B 9
COX8A 24
CP 28
CPA6 17
CPAMD8 7
CPLANE1 27
CPLX1 10
CPN1 16
CPOX 39
CPS1 22
CPSF1 6
CPSF3 10
CPT1A 9
CPT1C 11
CPT2 58
CR1 33
CR2 47
CRADD 12
CRAT 15
CRB1 12
CRB2 9
CRBN 10
CREB1 7
CREB3L1 12
CREB3L3 23
CREBBP 14
CRELD1 18
CRIPT 7
CRLF1 9
CRLS1 18
CRPPA 25
CRTAP 10
CRTC1 17
CRX 8
CRY1 2
CRYAA 4
CRYAB 53
CRYBA1 7
CRYBA2 7
CRYBA4 8
CRYBB1 8
CRYBB2 9
CRYBB3 6
CRYGB 8
CRYGC 2
CRYGD 4
CRYGS 11
CRYM 7
CSF1R 27
CSF2RA 14
CSF2RB 19
CSF3R 19
CSGALNACT1 4
CSH1 4
CSNK1D 1
CSNK2A1 16
CSNK2B 7
CSPP1 21
CSRP3 23
CST3 16
CST6 6
CSTA 4
CSTB 11
CT55 3
CTBP1 7
CTC1 15
CTCF 12
CTDP1 11
CTH 2
CTHRC1 14
CTLA4 91
CTNNA1 2
CTNNA2 10
CTNNA3 21
CTNNB1 72
CTNNBL1 9
CTNND1 6
CTNS 51
CTPS1 27
CTRC 37
CTSA 18
CTSB 8
CTSC 20
CTSD 8
CTSF 11
CTSK 6
CTU2 5
CUBN 13
CUL3 16
CUL4B 11
CUL7 4
CUX1 9
CUX2 13
CWC27 10
CWF19L1 8
CX3CR1 36
CXCL12 8
CXCR1 24
CXCR2 9
CXCR4 17
CXorf1 12
CYB561 13
CYB5A 7
CYB5R3 17
CYBA 26
CYBB 28
CYBC1 29
CYC1 21
CYCS 7
CYFIP2 13
CYLD 31
CYP11A1 7
CYP11B1 20
CYP11B2 28
CYP17A1 8
CYP19A1 10
CYP1B1 24
CYP21A2 13
CYP24A1 13
CYP26B1 5
CYP26C1 4
CYP27A1 10
CYP27B1 12
CYP2A6 1
CYP2B6 14
CYP2C19 9
CYP2C9 11
CYP2D6 6
CYP2R1 20
CYP2U1 12
CYP3A4 24
CYP3A5 11
CYP4F22 4
CYP4V2 5
CYP7B1 29
D2HGDH 10
DAAM2 15
DAB1 31
DACT1 3
DAG1 21
DALRD3 12
DAOA 15
DARS1 12
DARS2 15
DAW1 22
DAZL 5
DBH 12
DBR1 15
DBT 9
DCAF17 21
DCAF8 20
DCC 45
DCDC2 33
DCHS1 25
DCLRE1B 20
DCLRE1C 36
DCN 3
DCPS 6
DCT 9
DCTN1 30
DCX 11
DCXR 1
DDB1 3
DDB2 21
DDC 20
DDHD1 17
DDHD2 9
DDOST 17
DDR2 22
DDRGK1 15
DDX11 7
DDX3X 11
DDX41 25
DDX59 11
DDX6 12
DEAF1 15
DEF6 18
DEGS1 7
DEK 28
DENND5A 11
DEPDC5 24
DES 20
DGAT1 14
DGCR2 19
DGKE 19
DGUOK 29
DHCR24 8
DHCR7 7
DHDDS 22
DHFR 13
DHH 12
DHODH 3
DHPS 6
DHTKD1 24
DHX16 9
DHX30 17
DHX37 11
DHX38 4
DIABLO 3
DIAPH1 20
DIAPH2 11
DIAPH3 5
DICER1 57
DIO1 11
DIP2B 10
DIS3L2 3
DISC1 4
DKC1 30
DLAT 13
DLC1 25
DLD 15
DLG3 14
DLG4 15
DLL1 5
DLL3 6
DLL4 9
DLST 16
DLX3 2
DLX4 3
DLX5 11
DMC1 12
DMD 26
DMGDH 9
DMP1 16
DMPK 16
DMXL2 58
DNA2 13
DNAAF1 25
DNAAF2 24
DNAAF3 16
DNAAF4 23
DNAAF5 30
DNAH1 30
DNAH10 3
DNAH11 22
DNAH17 4
DNAH2 4
DNAH5 21
DNAH7 21
DNAH8 3
DNAH9 19
DNAI1 36
DNAI2 18
DNAJB11 13
DNAJB13 24
DNAJB2 8
DNAJB4 9
DNAJB6 8
DNAJC12 1
DNAJC19 12
DNAJC21 13
DNAJC3 26
DNAJC30 11
DNAJC5 12
DNAJC6 30
DNAL1 28
DNAL4 5
DNALI1 6
DNASE1 37
DNASE1L3 15
DNASE2 13
DNM1 18
DNM1L 26
DNM2 32
DNMBP 5
DNMT1 21
DNMT3A 35
DNMT3B 17
DOCK11 28
DOCK2 17
DOCK3 11
DOCK6 6
DOCK7 9
DOCK8 24
DOHH 15
DOK7 32
DOLK 10
DONSON 9
DPAGT1 15
DPF2 10
DPH1 6
DPH2 8
DPH5 7
DPM1 19
DPM2 19
DPM3 21
DPP6 22
DPP9 13
DPY19L2 4
DPYD 30
DPYS 9
DPYSL5 8
DRAM2 3
DRC1 18
DRD3 15
DRD4 31
DRD5 14
DRG1 8
DSC2 36
DSC3 45
DSE 19
DSG1 15
DSG2 35
DSG3 12
DSG4 3
DSP 66
DSPP 8
DST 50
DSTYK 22
DTNA 18
DTNBP1 22
DTYMK 11
DUOX2 11
DUOXA2 4
DUSP6 11
DUT 14
DVL1 5
DVL3 6
DYM 10
DYNC1H1 32
DYNC1I2 12
DYNC2H1 8
DYNC2LI1 7
DYNLT2B 6
DYRK1A 13
DYRK1B 9
DYSF 19
DZIP1 15
DZIP1L 10
EARS2 12
EBF3 10
EBP 15
ECE1 19
ECEL1 5
ECHS1 19
ECM1 16
EDA 7
EDAR 5
EDARADD 9
EDC3 7
EDEM3 16
EDN1 3
EDN3 29
EDNRA 16
EDNRB 21
EED 8
EEF1A2 15
EEF2 12
EFEMP1 9
EFEMP2 14
EFHC1 11
EFL1 13
EFNB1 3
EFTUD2 9
EGF 13
EGFR 53
EGLN1 6
EGR2 25
EHBP1 16
EHHADH 20
EHMT1 7
EIF2AK1 11
EIF2AK2 21
EIF2AK3 11
EIF2AK4 17
EIF2B1 15
EIF2B2 17
EIF2B3 15
EIF2B4 16
EIF2B5 14
EIF2S3 8
EIF3F 10
EIF4A2 15
EIF4A3 5
EIF4E 6
EIF4G1 10
EIF5A 5
ELAC2 18
ELANE 36
ELF4 24
ELMO2 9
ELMOD3 5
ELN 22
ELOVL1 10
ELOVL4 25
ELOVL5 14
ELP1 48
ELP2 12
ELP4 5
EMC1 16
EMC10 11
EMD 16
EMG1 12
EMILIN1 7
EML1 15
EMP2 15
EMX2 13
EN1 9
ENAM 8
ENG 18
ENO3 9
ENPP1 50
ENTPD1 10
EOGT 2
EP300 38
EPAS1 4
EPB41 7
EPB41L1 9
EPB42 8
EPCAM 62
EPG5 15
EPHA10 8
EPHA2 1
EPHB2 20
EPHB4 30
EPHX2 6
EPM2A 11
EPO 50
EPOR 7
EPPK1 11
EPS8 3
EPS8L2 1
EPS8L3 6
EPX 1
ERAL1 10
ERBB2 77
ERBB3 49
ERBB4 10
ERCC1 13
ERCC2 41
ERCC3 30
ERCC4 46
ERCC5 38
ERCC6 63
ERCC6L2 14
ERCC8 29
ERF 16
ERG 20
ERGIC1 13
ERI1 26
ERLIN1 9
ERLIN2 17
ERMARD 5
ESAM 11
ESCO2 10
ESPN 18
ESR1 54
ESR2 4
ESRP1 5
ESRRB 6
ETFA 30
ETFB 25
ETFDH 23
ETHE1 15
ETV6 24
EVC 12
EVC2 6
EWSR1 33
EXOC2 6
EXOC6B 12
EXOC7 10
EXOC8 10
EXOSC1 18
EXOSC2 11
EXOSC3 15
EXOSC5 14
EXOSC8 13
EXOSC9 18
EXPH5 14
EXT1 16
EXT2 13
EXTL3 13
EYA1 19
EYA4 14
EYS 8
EZH1 4
EZH2 4
F10 7
F11 13
F12 31
F13A1 37
F13B 6
F2 47
F5 64
F7 18
F8 12
F9 20
FA2H 17
FAAH 18
FADD 11
FADS1 20
FADS2 31
FADS3 32
FAH 27
FAM111A 6
FAM111B 19
FAM149B1 9
FAM161A 10
FAM20A 5
FAM20C 11
FAM50A 9
FAM83H 2
FAN1 11
FANCA 12
FANCB 18
FANCC 7
FANCD2 14
FANCE 10
FANCF 16
FANCG 15
FANCI 11
FANCL 15
FANCM 7
FAR1 16
FARS2 35
FARSA 7
FARSB 9
FAS 30
FASLG 21
FASTKD2 18
FAT2 13
FAT4 26
FBLN1 4
FBLN5 46
FBN1 58
FBN2 6
FBP1 20
FBP2 10
FBXL3 9
FBXL4 17
FBXO11 15
FBXO28 22
FBXO31 14
FBXO38 12
FBXO43 9
FBXO7 10
FBXW11 7
FBXW7 3
FCGR1A 12
FCGR2A 58
FCGR2B 27
FCGR3A 15
FCHO1 16
FCN3 9
FCSK 12
FDFT1 5
FDPS 4
FDX2 14
FDXR 8
FECH 11
FERMT1 12
FERMT3 9
FEZ1 18
FEZF1 9
FFAR4 9
FGA 47
FGB 19
FGD1 13
FGD2 12
FGD3 9
FGD4 13
FGF10 18
FGF12 10
FGF13 16
FGF14 30
FGF16 1
FGF17 11
FGF2 16
FGF20 11
FGF23 36
FGF3 2
FGF8 7
FGF9 3
FGFR1 36
FGFR2 87
FGFR3 81
FGFR4 38
FGG 16
FH 54
FHL1 52
FHL3 16
FHL5 26
FHOD3 11
FIBP 9
FIG4 41
FIGLA 10
FKBP10 12
FKBP14 10
FKBP5 23
FKBP6 5
FKRP 17
FKTN 21
FLAD1 16
FLCN 58
FLG 13
FLG2 7
FLI1 5
FLII 8
FLNA 67
FLNB 32
FLNC 54
FLRT3 13
FLT3 26
FLT4 42
FLVCR1 16
FLVCR2 6
FMN2 13
FMO3 4
FMR1 36
FN1 12
FNIP1 19
FOCAD 7
FOLR1 15
FOXC1 10
FOXC2 5
FOXD3 1
FOXE1 11
FOXE3 27
FOXF1 11
FOXG1 10
FOXI1 10
FOXI3 1
FOXJ1 21
FOXL1 8
FOXL2 7
FOXN1 14
FOXP1 14
FOXP2 3
FOXP3 25
FOXRED1 15
FRA10AC1 11
FRAS1 5
FREM1 4
FREM2 8
FRMD4A 12
FRMD5 11
FRMD7 9
FRMPD4 10
FRRS1L 9
FRZB 9
FSCN2 6
FSHB 6
FSHR 20
FSIP2 4
FTCD 6
FTH1 44
FTL 21
FTO 12
FTSJ1 12
FUCA1 11
FUS 20
FUT1 2
FUT2 39
FUT6 1
FUT8 10
FUZ 19
FXN 25
FXR1 18
FXYD2 17
FYB1 11
FYCO1 6
FZD2 8
FZD4 12
FZD6 1
FZR1 12
G6PC3 19
G6PD 23
GAA 15
GAB1 2
GABBR1 5
GABBR2 25
GABRA1 14
GABRA2 20
GABRA3 5
GABRA5 13
GABRB1 12
GABRB2 11
GABRB3 13
GABRD 10
GABRG2 19
GAD1 12
GAL 23
GALC 20
GALE 18
GALK1 6
GALM 12
GALNS 17
GALNT12 11
GALNT2 25
GALNT3 17
GALT 27
GAMT 12
GAN 18
GANAB 19
GARS1 25
GAS2L2 26
GAS8 26
GATA1 51
GATA2 35
GATA3 12
GATA4 29
GATA5 18
GATA6 41
GATAD1 8
GATAD2B 7
GATB 16
GATC 10
GATM 21
GBA2 10
GBE1 29
GBF1 17
GCDH 18
GCGR 7
GCH1 17
GCK 38
GCKR 1
GCLC 28
GCLM 27
GCM2 35
GCNA 3
GCNT2 1
GCSH 16
GDAP1 33
GDAP2 11
GDF1 20
GDF11 8
GDF2 9
GDF3 10
GDF5 32
GDF6 20
GDF9 5
GDI1 12
GDNF 21
GEMIN4 9
GEMIN5 13
GET3 21
GET4 13
GFAP 16
GFER 9
GFI1 23
GFI1B 9
GFM1 18
GFM2 18
GFPT1 17
GFRA1 4
GGCX 18
GGN 4
GGPS1 8
GH1 7
GHR 17
GHRH 11
GHRHR 5
GHRL 9
GHSR 5
GIGYF2 10
GIMAP5 7
GINS1 26
GIP 33
GIPC1 14
GIPC3 1
GJA1 24
GJA3 8
GJA5 14
GJA8 10
GJB1 23
GJB2 23
GJB3 22
GJB4 3
GJB6 14
GJC2 34
GK 14
GLA 40
GLB1 53
GLDC 15
GLDN 9
GLE1 15
GLI1 3
GLI2 17
GLI3 9
GLIS2 12
GLIS3 23
GLMN 13
GLRA1 8
GLRA2 8
GLRB 6
GLRX5 21
GLS 17
GLUD1 7
GLUL 16
GLYCTK 11
GM2A 11
GMNN 6
GMPPA 4
GMPPB 30
GNA11 17
GNAI1 8
GNAI2 33
GNAI3 1
GNAL 4
GNAO1 24
GNAQ 13
GNAS 66
GNAT1 13
GNAT2 3
GNB1 44
GNB2 17
GNB3 28
GNB4 21
GNB5 11
GNE 7
GNMT 4
GNPAT 10
GNPNAT1 6
GNPTAB 19
GNRH1 10
GNRHR 11
GNS 7
GOLGA2 10
GON7 18
GORAB 12
GOSR2 22
GOT1 12
GOT2 15
GP1BA 24
GP1BB 11
GP6 6
GP9 7
GPAA1 10
GPC3 31
GPC6 4
GPD1 4
GPD1L 11
GPD2 17
GPHN 13
GPI 6
GPIHBP1 15
GPNMB 4
GPR101 21
GPR143 13
GPR156 6
GPR161 12
GPR179 6
GPR68 1
GPR88 9
GPRASP2 5
GPRC5B 9
GPSM2 4
GPT2 15
GPX1 14
GPX4 16
GRAP 7
GREB1L 12
GREM2 1
GRHL2 15
GRHL3 4
GRHPR 6
GRIA1 15
GRIA2 14
GRIA3 12
GRIA4 12
GRID2 13
GRIK2 16
GRIN1 22
GRIN2A 6
GRIN2B 15
GRIN2D 9
GRIP1 10
GRK1 6
GRM1 20
GRM6 12
GRM7 10
GRN 14
GRXCR1 8
GRXCR2 7
GSC 6
GSDME 8
GSN 10
GSR 8
GSS 17
GSTZ1 6
GSX2 12
GTF2E2 11
GTF2H5 11
GTPBP3 16
GUCA1A 6
GUCA1B 3
GUCY2C 15
GUCY2D 16
GUF1 18
GUSB 10
GYG1 21
GYPA 1
GYPB 2
GYPC 1
GYS1 8
GYS2 6
GZF1 8
H1-4 8
H3-3A 9
H6PD 9
HAAO 6
HABP2 32
HACD1 18
HACE1 9
HADHA 72
HADHB 15
HAL 3
HAMP 21
HARS1 32
HARS2 15
HAVCR2 20
HAX1 18
HBA1 25
HBB 63
HBD 7
HBEGF 14
HBG2 7
HCCS 6
HCFC1 8
HCK 18
HCN1 14
HCN2 14
HCN4 30
HCRT 9
HDAC4 14
HDAC6 4
HDAC8 7
HDAC9 3
HDC 7
HEATR3 12
HECTD4 10
HECW2 5
HELLS 14
HEPACAM 13
HEPHL1 10
HERC1 5
HERC2 14
HES7 5
HESX1 23
HEXA 13
HEXB 25
HFE 18
HFM1 2
HGD 13
HGF 112
HGSNAT 35
HIBCH 14
HID1 12
HIKESHI 7
HINT1 13
HIVEP2 10
HJV 27
HK1 36
HKDC1 6
HLA-A 11
HLA-B 106
HLA-C 29
HLA-DPB1 19
HLA-DQA1 26
HLA-DQB1 76
HLA-DRB1 57
HLA-G 7
HLA-H 18
HLCS 12
HMBS 46
HMCN1 5
HMGA1 16
HMGA2 3
HMGB3 4
HMGCL 13
HMGCR 35
HMGCS2 13
HMMR 3
HMOX1 20
HMX1 5
HNF1A 65
HNF1B 49
HNF4A 36
HNMT 20
HNRNPA1 26
HNRNPC 11
HNRNPDL 10
HNRNPH2 9
HNRNPK 10
HNRNPR 11
HNRNPU 15
HOGA1 16
HOMER2 5
HOXA1 21
HOXA11 6
HOXA13 3
HOXA2 8
HOXB1 4
HOXB13 14
HOXC13 5
HOXD10 12
HOXD13 9
HP 2
HPCA 7
HPD 19
HPDL 28
HPGD 30
HPRT1 31
HPS1 21
HPS3 19
HPS4 20
HPS5 15
HPS6 16
HPSE2 6
HR 5
HRAS 74
HRG 21
HRURF 2
HS2ST1 9
HS3ST6 40
HS6ST1 8
HS6ST2 6
HSCB 10
HSD11B1 9
HSD11B2 4
HSD17B10 17
HSD17B3 2
HSD17B4 21
HSD3B2 8
HSD3B7 10
HSF2BP 7
HSF4 5
HSPA9 14
HSPB1 28
HSPB3 16
HSPB8 19
HSPD1 21
HSPG2 29
HTR1A 23
HTR2A 64
HTRA1 35
HTRA2 20
HTRA3 7
HTT 37
HUWE1 8
HYAL1 16
HYCC1 13
HYDIN 25
HYLS1 5
HYOU1 15
IARS1 2
IARS2 14
IBA57 19
ICAM1 7
ICOS 22
IDH1 6
IDH2 8
IDH3A 3
IDH3B 7
IDS 14
IDUA 27
IER3IP1 11
IFIH1 28
IFITM3 10
IFITM5 7
IFNA1 5
IFNAR1 13
IFNAR2 34
IFNG 67
IFNGR1 49
IFNGR2 23
IFNL3 13
IFT122 11
IFT140 15
IFT172 15
IFT27 11
IFT43 23
IFT52 6
IFT57 7
IFT74 38
IFT80 5
IFT81 8
IGF1 13
IGF1R 6
IGF2 5
IGF2BP2 17
IGF2R 33
IGFALS 2
IGFBP7 2
IGHG2 7
IGHM 9
IGHMBP2 10
IGKC 7
IGLL1 11
IGSF1 8
IGSF3 5
IHH 4
IKBKB 17
IKBKG 46
IKZF1 21
IKZF3 7
IKZF5 7
IL10 47
IL10RA 26
IL10RB 46
IL11RA 7
IL12B 7
IL12RB1 17
IL13 12
IL17F 14
IL17RA 23
IL17RC 19
IL17RD 8
IL18BP 43
IL1B 7
IL1R1 15
IL1RAPL1 8
IL1RN 103
IL21 18
IL21R 24
IL23R 15
IL2RA 33
IL2RB 10
IL2RG 31
IL31RA 10
IL36RN 15
IL37 17
IL6 95
IL6R 16
IL6ST 44
IL7 13
IL7R 8
ILDR1 5
IMP3 11
IMPA1 9
IMPDH1 13
IMPDH2 7
IMPG1 8
IMPG2 11
INAVA 20
INF2 37
ING1 18
INPP5E 29
INPP5K 13
INPPL1 6
INS 29
INSL3 3
INSR 51
INTS1 13
INTS11 4
INTS8 12
INTU 15
INVS 10
IPO8 9
IQCB1 16
IQCE 2
IQCN 5
IQSEC1 16
IQSEC2 7
IRAK3 5
IRAK4 19
IREB2 7
IRF1 47
IRF2BP2 29
IRF2BPL 7
IRF3 12
IRF4 6
IRF5 30
IRF6 17
IRF7 14
IRF8 26
IRF9 15
IRGM 37
IRS1 25
IRS2 11
IRS4 19
IRX5 7
ISCA1 12
ISCA2 15
ISCU 24
ISG15 20
ITCH 28
ITGA2B 16
ITGA3 24
ITGA6 20
ITGA7 12
ITGA8 9
ITGB2 14
ITGB3 35
ITGB4 24
ITGB6 1
ITK 12
ITM2B 37
ITPA 15
ITPR1 19
ITPR2 2
ITPR3 29
IVD 14
IVNS1ABP 10
IYD 16
JAG1 30
JAG2 13
JAGN1 13
JAK1 10
JAK2 79
JAK3 16
JAM2 9
JAM3 6
JARID2 12
JPH1 14
JPH2 25
JPH3 11
JUP 30
KANK1 11
KANK2 14
KANSL1 9
KARS1 31
KASH5 14
KAT5 10
KAT6A 9
KAT6B 14
KATNB1 10
KATNIP 20
KBTBD13 13
KCNA1 15
KCNA2 14
KCNA4 5
KCNA5 8
KCNB1 9
KCNC1 14
KCNC2 11
KCNC3 16
KCND3 33
KCNE1 19
KCNE2 23
KCNE3 10
KCNH1 15
KCNH2 21
KCNH5 13
KCNJ1 16
KCNJ10 21
KCNJ11 40
KCNJ13 10
KCNJ16 13
KCNJ18 21
KCNJ2 46
KCNJ5 35
KCNJ6 6
KCNK18 23
KCNK3 18
KCNK4 6
KCNK9 8
KCNMA1 29
KCNMB1 5
KCNN2 21
KCNN3 4
KCNN4 8
KCNQ1 38
KCNQ2 21
KCNQ3 4
KCNQ4 6
KCNQ5 14
KCNT1 18
KCNT2 14
KCNU1 5
KCNV2 7
KCTD17 11
KCTD7 14
KDELR2 11
KDF1 3
KDM1A 3
KDM3B 7
KDM4B 11
KDM5B 10
KDM5C 12
KDM6A 13
KDM6B 11
KDR 9
KDSR 4
KEL 1
KERA 6
KHDC3L 16
KIAA0586 26
KIAA0753 23
KIAA1549 7
KIDINS220 17
KIF11 6
KIF12 23
KIF14 22
KIF15 7
KIF1A 55
KIF1B 38
KIF1C 17
KIF20A 16
KIF21A 7
KIF22 11
KIF23 9
KIF26A 8
KIF2A 11
KIF3B 7
KIF4A 20
KIF5A 33
KIF5C 7
KIF7 28
KIFBP 10
KIR3DL1 40
KIR3DS1 40
KIRREL1 18
KISS1 11
KISS1R 17
KIT 81
KITLG 11
KIZ 6
KL 25
KLC2 19
KLF1 7
KLF11 12
KLF14 1
KLF6 48
KLHDC8B 20
KLHL10 6
KLHL15 8
KLHL24 31
KLHL3 11
KLHL40 17
KLHL41 16
KLHL7 14
KLK11 4
KLK3 2
KLK4 1
KLKB1 2
KLLN 13
KMT2A 9
KMT2B 22
KMT2C 5
KMT2D 19
KMT2E 14
KMT5B 8
KNG1 35
KNL1 5
KNSTRN 11
KPNA3 15
KPNA7 2
KPTN 9
KRAS 148
KREMEN1 3
KRIT1 23
KRT1 34
KRT10 8
KRT12 18
KRT13 11
KRT14 47
KRT16 15
KRT17 21
KRT18 29
KRT2 5
KRT25 3
KRT3 15
KRT4 13
KRT5 53
KRT6A 12
KRT6B 16
KRT6C 6
KRT71 7
KRT74 3
KRT75 8
KRT81 2
KRT83 6
KRT85 1
KRT86 4
KRT9 11
KY 16
KYNU 17
L1CAM 21
L2HGDH 13
LACC1 9
LAGE3 12
LAMA1 17
LAMA2 19
LAMA3 58
LAMA4 17
LAMA5 22
LAMB1 8
LAMB2 19
LAMB3 41
LAMC2 39
LAMC3 15
LAMP2 12
LAMTOR2 12
LARP7 7
LARS1 15
LARS2 26
LAT 25
LBR 29
LBX1 16
LCA5 7
LCAT 9
LCK 26
LCP2 16
LCT 10
LDB3 32
LDHA 20
LDHB 1
LDHD 17
LDLR 13
LDLRAP1 9
LEF1 19
LEMD2 17
LEMD3 16
LEP 11
LEPR 12
LETM1 15
LFNG 3
LGALS2 21
LGI1 16
LGI3 9
LGI4 7
LGR4 12
LHB 10
LHCGR 18
LHFPL5 6
LHX3 18
LHX4 8
LIAS 19
LIFR 12
LIG1 17
LIG3 33
LIG4 48
LIM2 9
LIMS2 10
LINGO1 8
LINS1 12
LIPA 23
LIPC 18
LIPE 8
LIPH 19
LIPN 5
LIPT1 11
LIPT2 15
LITAF 9
LMAN1 10
LMAN2L 13
LMBR1 13
LMBRD1 13
LMBRD2 8
LMF1 14
LMNA 112
LMNB1 24
LMNB2 20
LMO1 23
LMO2 22
LMOD1 13
LMOD2 15
LMOD3 13
LMX1A 9
LMX1B 10
LNPK 11
LONP1 20
LOX 11
LOXHD1 5
LOXL1 7
LOXL3 3
LPA 14
LPAR6 3
LPIN1 13
LPIN2 11
LPL 20
LPP 34
LRAT 13
LRBA 22
LRIF1 4
LRIG2 11
LRIT3 10
LRMDA 11
LRP1 31
LRP12 19
LRP2 8
LRP4 25
LRP5 48
LRP6 11
LRP8 16
LRPAP1 5
LRPPRC 13
LRRC32 10
LRRC56 14
LRRC8A 15
LRRK1 16
LRRK2 8
LRSAM1 26
LSM11 9
LSS 23
LST1 10
LTA 35
LTBP1 18
LTBP2 24
LTBP3 24
LTBP4 13
LTC4S 3
LTV1 6
LYL1 24
LYN 23
LYRM4 11
LYRM7 16
LYSET 10
LYST 19
LYZ 7
LZTFL1 6
LZTR1 33
LZTS1 18
M1AP 5
MAB21L1 12
MAB21L2 4
MACF1 11
MAD1L1 47
MAD2L2 9
MADD 62
MAF 18
MAFA 17
MAFB 31
MAG 11
MAGED2 16
MAGEL2 13
MAGI2 9
MAGT1 17
MAK 7
MAL 11
MALT1 20
MAML2 20
MAN1B1 6
MAN2B1 9
MAN2C1 8
MANBA 14
MANF 11
MAOA 7
MAP1B 11
MAP2K1 37
MAP2K2 17
MAP3K1 5
MAP3K14 10
MAP3K20 15
MAP3K7 18
MAP3K8 23
MAPK1 10
MAPK8IP1 9
MAPK8IP3 5
MAPKAPK5 16
MAPKBP1 14
MAPRE2 11
MAPT 50
MARK3 5
MARS1 43
MARS2 29
MARVELD2 4
MASP1 11
MASP2 11
MAST1 6
MAST3 17
MAT1A 8
MATN3 22
MATR3 9
MAX 15
MB 14
MBD4 10
MBD5 8
MBL2 17
MBOAT7 10
MBTPS1 10
MBTPS2 43
MC1R 29
MC2R 27
MC3R 16
MC4R 30
MCAT 4
MCC 26
MCCC1 19
MCCC2 10
MCEE 17
MCFD2 7
MCIDAS 15
MCM10 10
MCM2 5
MCM3AP 12
MCM4 13
MCM5 6
MCM6 14
MCM8 8
MCM9 7
MCOLN1 17
MCPH1 9
MCTS1 17
MDFIC 8
MDH1 13
MDH2 10
MDK 6
MDM2 29
MDM4 8
MECOM 8
MECP2 50
MECR 18
MED1 10
MED11 7
MED12 25
MED13 13
MED13L 3
MED17 7
MED23 8
MED25 9
MED27 10
MEF2A 15
MEF2C 15
MEFV 31
MEGF10 22
MEGF8 6
MEI1 14
MEIOB 6
MEIS2 2
MEN1 94
MEOX1 7
MERTK 4
MESD 10
MESP2 5
MET 68
METTL13 3
METTL23 10
METTL5 10
MFAP5 12
MFF 11
MFHAS1 20
MFN2 33
MFRP 3
MFSD2A 12
MFSD8 10
MGAT2 12
MGME1 18
MGP 2
MIA3 20
MIB1 25
MICOS13 17
MICU1 12
MID1 5
MID2 17
MIEF1 5
MIF 25
MINAR2 3
MINPP1 19
MIP 5
MIPEP 13
MITF 16
MKKS 16
MKRN3 4
MKS1 37
MLC1 9
MLH1 25
MLH3 31
MLIP 8
MLPH 4
MLYCD 11
MMAA 12
MMAB 19
MMACHC 12
MMADHC 26
MMD2 4
MME 22
MMP1 16
MMP13 21
MMP14 13
MMP19 1
MMP2 11
MMP20 1
MMP21 3
MMP3 11
MMP9 4
MMUT 16
MN1 14
MNS1 3
MNX1 12
MOCOS 11
MOCS1 17
MOCS2 15
MOG 10
MOGS 13
MORC2 16
MOS 4
MOV10L1 4
MPC1 10
MPDU1 17
MPDZ 5
MPEG1 8
MPI 11
MPL 41
MPLKIP 7
MPO 33
MPV17 25
MPZ 32
MPZL2 8
MRAP 12
MRAP2 16
MRAS 14
MRE11 14
MRM2 19
MRPL12 16
MRPL3 21
MRPL39 10
MRPL44 19
MRPS12 19
MRPS14 20
MRPS16 21
MRPS2 13
MRPS22 26
MRPS23 18
MRPS25 13
MRPS28 16
MRPS34 19
MRPS35 16
MRPS7 15
MS4A1 15
MSH2 53
MSH3 40
MSH4 9
MSH5 9
MSH6 56
MSMB 13
MSMO1 14
MSN 14
MSR1 25
MSRB3 5
MST1 8
MST1R 7
MSTN 4
MSTO1 19
MSX1 3
MSX2 13
MTAP 10
MTFMT 26
MTHFD1 27
MTHFR 51
MTHFS 10
MTM1 13
MTMR14 8
MTMR2 15
MTNR1B 13
MTO1 21
MTOR 15
MTPAP 21
MTR 19
MTRFR 26
MTRR 26
MTSS2 6
MTTP 16
MTX2 11
MUC1 3
MUC5B 10
MUC7 1
MUSK 20
MUTYH 41
MVD 11
MVK 45
MVP 18
MXI1 31
MYB 23
MYBPC1 28
MYBPC3 36
MYC 36
MYCN 6
MYD88 41
MYF5 7
MYH11 57
MYH14 8
MYH2 10
MYH3 19
MYH6 29
MYH7 45
MYH8 23
MYH9 9
MYL1 16
MYL11 3
MYL2 22
MYL3 18
MYL4 15
MYL9 18
MYLK 24
MYLK2 22
MYMK 12
MYMX 14
MYO15A 3
MYO18B 12
MYO1C 10
MYO1E 10
MYO1H 14
MYO3A 4
MYO5A 8
MYO5B 33
MYO6 21
MYO7A 15
MYO9A 16
MYO9B 11
MYOC 6
MYOCD 12
MYOD1 10
MYOF 31
MYORG 16
MYOT 12
MYOZ2 12
MYPN 52
MYRF 24
MYSM1 10
MYT1L 16
NAA10 13
NAA15 10
NAA20 12
NACC1 3
NADK2 8
NADSYN1 4
NAE1 9
NAF1 23
NAGA 26
NAGLU 23
NAGS 12
NALCN 18
NANOS1 4
NANS 9
NAPB 23
NARS1 12
NARS2 14
NAT1 18
NAT2 3
NAT8L 8
NAXD 10
NAXE 11
NBAS 25
NBEA 7
NBEAL2 10
NBN 38
NCAPD2 9
NCAPD3 6
NCAPG2 6
NCAPH 6
NCDN 8
NCF1 25
NCF2 20
NCF4 25
NCKAP1L 15
NCR3 1
NCSTN 17
NDE1 9
NDNF 11
NDP 14
NDRG1 12
NDST1 10
NDUFA1 32
NDUFA10 20
NDUFA11 17
NDUFA12 15
NDUFA13 37
NDUFA2 20
NDUFA4 11
NDUFA6 26
NDUFA8 19
NDUFA9 25
NDUFAF1 22
NDUFAF2 15
NDUFAF3 14
NDUFAF4 21
NDUFAF5 15
NDUFAF6 31
NDUFAF8 24
NDUFB10 16
NDUFB11 14
NDUFB3 10
NDUFB7 15
NDUFB8 18
NDUFB9 20
NDUFC2 12
NDUFS1 19
NDUFS2 25
NDUFS3 22
NDUFS4 24
NDUFS6 16
NDUFS7 17
NDUFS8 21
NDUFV1 19
NDUFV2 20
NEB 15
NECAP1 11
NECTIN1 7
NEDD4L 9
NEFH 24
NEFL 20
NEK1 17
NEK10 30
NEK2 11
NEK8 24
NEK9 30
NEMF 17
NEPRO 8
NET1 18
NEU1 21
NEUROD1 19
NEUROD2 17
NEUROG1 8
NEUROG3 8
NEXMIF 9
NEXN 24
NF1 60
NF2 34
NFASC 24
NFATC2 9
NFE2L2 4
NFIA 4
NFIB 3
NFIX 13
NFKB1 21
NFKB2 22
NFKBIA 10
NFKBIL1 14
NFS1 18
NFU1 13
NGF 17
NGLY1 9
NHEJ1 9
NHLH2 8
NHLRC1 18
NHLRC2 22
NHP2 17
NHS 12
NIN 6
NIPA1 14
NIPAL4 9
NIPBL 10
NKAP 10
NKX2-1 35
NKX2-5 59
NKX2-6 12
NKX3-2 10
NKX6-2 10
NLGN1 6
NLGN3 14
NLGN4X 14
NLRC4 46
NLRP1 38
NLRP12 28
NLRP2 2
NLRP3 50
NLRP5 3
NLRP7 17
NME5 17
NME8 16
NMNAT1 18
NNMT 6
NNT 19
NOBOX 7
NOD2 62
NODAL 6
NOG 28
NOL3 11
NONO 9
NOP10 36
NOP56 13
NOS1 4
NOS1AP 8
NOS2 1
NOS3 60
NOTCH1 21
NOTCH2 24
NOTCH2NLC 35
NOTCH3 30
NOVA2 13
NPC1 53
NPC2 14
NPHP1 38
NPHP3 41
NPHP4 26
NPHS1 23
NPHS2 9
NPM1 25
NPPA 16
NPR2 18
NPRL2 10
NPRL3 9
NPTX1 11
NQO1 59
NQO2 4
NR0B1 17
NR0B2 12
NR1H4 12
NR2E3 9
NR2F1 8
NR2F2 22
NR3C1 5
NR3C2 14
NR4A2 14
NR5A1 47
NRAS 94
NRCAM 16
NRG1 9
NRIP1 11
NRL 7
NRROS 4
NRXN1 22
NSD1 11
NSD2 10
NSDHL 10
NSF 10
NSMCE2 9
NSMCE3 12
NSMF 11
NSRP1 6
NSUN2 14
NSUN3 16
NT5C2 18
NT5C3A 9
NT5E 17
NTF4 9
NTHL1 26
NTN1 3
NTNG2 14
NTRK1 16
NTRK2 20
NUAK2 3
NUBPL 19
NUDT15 8
NUDT2 10
NUMA1 17
NUP107 31
NUP133 16
NUP155 10
NUP160 18
NUP205 11
NUP214 51
NUP37 8
NUP54 14
NUP62 20
NUP85 15
NUP88 7
NUP93 3
NUS1 31
NXN 7
NYX 9
OAS1 13
OAT 5
OBSCN 16
OBSL1 4
OCA2 12
OCLN 12
OCRL 16
ODAD1 21
ODAD2 24
ODAD4 26
ODAPH 2
ODC1 6
OFD1 38
OGDH 15
OGDHL 9
OGG1 23
OGT 11
OLR1 14
OPA1 58
OPA3 14
OPCML 19
OPHN1 12
OPLAH 14
OPN1LW 8
OPN1MW 3
OPN1SW 2
OPTN 24
ORAI1 23
ORC1 8
ORC4 7
ORC6 8
OSBPL2 7
OSGEP 12
OSMR 8
OSTM1 14
OTC 9
OTOA 3
OTOF 7
OTOG 4
OTOGL 6
OTUD5 6
OTUD6B 5
OTULIN 35
OTX2 31
OVOL2 5
OXCT1 10
OXGR1 20
OXR1 16
P2RX2 1
P2RY12 7
P3H1 8
P3H2 6
P4HA2 5
P4HB 7
P4HTM 15
PABPN1 12
PACS1 12
PACS2 12
PADI6 6
PAF1 28
PAFAH1B1 15
PAH 8
PAICS 7
PAK1 4
PAK2 4
PAK3 13
PALB2 53
PALLD 10
PAM16 5
PANK2 25
PANK4 7
PANX1 2
PAPPA2 7
PAPSS2 11
PARK7 18
PARN 32
PARS2 9
PATL2 3
PAX1 7
PAX2 7
PAX3 50
PAX4 41
PAX5 8
PAX6 33
PAX7 41
PAX8 19
PBRM1 17
PBX1 8
PC 30
PCARE 5
PCBD1 9
PCCA 11
PCCB 14
PCDH12 12
PCDH15 12
PCDH19 15
PCDHGC4 11
PCGF2 7
PCK1 10
PCK2 11
PCLO 15
PCNA 13
PCNT 25
PCSK1 15
PCSK9 4
PCYT1A 18
PCYT2 8
PDC 13
PDCD1 49
PDCD10 15
PDCD6IP 5
PDE10A 27
PDE11A 14
PDE1C 8
PDE2A 12
PDE3A 4
PDE4D 4
PDE6A 8
PDE6B 12
PDE6C 4
PDE6D 21
PDE6G 6
PDE6H 6
PDE8B 24
PDGFB 48
PDGFRA 52
PDGFRB 96
PDGFRL 45
PDHA1 13
PDHA2 7
PDHB 14
PDHX 11
PDK3 12
PDP1 9
PDSS1 17
PDSS2 12
PDX1 34
PDXK 30
PDYN 13
PDZD7 11
PDZD8 11
PEPD 16
PER3 1
PERCC1 14
PERP 31
PET100 14
PET117 14
PEX1 18
PEX10 25
PEX11B 14
PEX12 23
PEX13 20
PEX14 13
PEX16 19
PEX19 20
PEX2 28
PEX26 16
PEX3 29
PEX5 47
PEX6 25
PEX7 24
PFKL 26
PFKM 11
PFN1 19
PGAM2 10
PGAP1 9
PGAP2 7
PGAP3 6
PGK1 10
PGM1 13
PGM2L1 13
PGM3 18
PGR 6
PHACTR1 11
PHB1 5
PHC1 12
PHEX 11
PHF21A 9
PHF6 16
PHF8 6
PHGDH 28
PHIP 7
PHKA1 14
PHKA2 8
PHKB 13
PHKG2 8
PHLDB1 6
PHOX2A 6
PHOX2B 39
PHYH 27
PHYKPL 1
PI4KA 31
PI4KB 7
PIBF1 13
PICALM 19
PIDD1 19
PIEZO1 24
PIEZO2 32
PIGA 26
PIGB 10
PIGC 8
PIGF 2
PIGG 17
PIGH 4
PIGK 14
PIGL 10
PIGM 5
PIGN 15
PIGO 5
PIGP 13
PIGQ 7
PIGS 11
PIGT 24
PIGU 14
PIGV 7
PIGW 5
PIGY 13
PIK3C2A 9
PIK3CA 139
PIK3CD 28
PIK3CG 16
PIK3R1 30
PIK3R2 2
PIK3R5 27
PIKFYVE 3
PINK1 15
PIP5K1C 13
PISD 3
PITPNM3 1
PITRM1 13
PITX1 3
PITX2 12
PITX3 12
PJVK 4
PKD1 14
PKD1L1 5
PKD2 23
PKDCC 6
PKHD1 20
PKLR 10
PKP1 7
PKP2 17
PLA2G2A 15
PLA2G4A 23
PLA2G5 1
PLA2G6 39
PLA2G7 4
PLAA 8
PLAAT3 5
PLAG1 11
PLAU 14
PLCB1 11
PLCB2 3
PLCB3 8
PLCB4 4
PLCD1 1
PLCE1 16
PLCG1 13
PLCG2 37
PLCH1 4
PLCZ1 6
PLD1 13
PLD3 9
PLEC 39
PLEKHG2 14
PLEKHG5 14
PLEKHM1 28
PLG 35
PLIN1 10
PLIN4 2
PLK4 11
PLN 30
PLOD1 7
PLOD2 9
PLOD3 15
PLP1 17
PLPBP 12
PLS1 7
PLS3 13
PLVAP 9
PLXNA1 10
PLXND1 15
PMFBP1 3
PML 21
PMM2 12
PMP2 20
PMP22 47
PMPCA 18
PMPCB 16
PMS2 29
PMVK 5
PNKD 13
PNKP 44
PNLDC1 8
PNLIP 11
PNP 14
PNPLA1 6
PNPLA2 12
PNPLA6 33
PNPLA8 20
PNPO 9
PNPT1 30
POC1A 10
POC1B 1
POF1B 9
POFUT1 10
POGLUT1 9
POGZ 13
POLA1 26
POLD1 16
POLE 39
POLG 81
POLG2 41
POLH 15
POLR1A 11
POLR1B 2
POLR1C 18
POLR1D 2
POLR2A 13
POLR3A 26
POLR3B 27
POLR3F 11
POLR3GL 3
POLR3K 17
POLRMT 11
POMC 17
POMGNT1 23
POMGNT2 20
POMK 18
POMP 23
POMT1 28
POMT2 26
PON1 83
PON2 14
POP1 5
POPDC3 18
POR 16
PORCN 15
POT1 48
POU1F1 22
POU3F3 9
POU3F4 9
POU4F1 11
POU4F3 7
POU6F2 9
PPA2 34
PPARG 39
PPCS 11
PPFIBP1 5
PPIB 8
PPIL1 15
PPIP5K2 5
PPM1D 24
PPM1K 12
PPOX 36
PPP1CB 15
PPP1R12A 4
PPP1R13L 15
PPP1R15B 5
PPP1R21 6
PPP1R3A 12
PPP2CA 8
PPP2R1A 3
PPP2R1B 17
PPP2R2B 9
PPP2R3C 7
PPP2R5D 9
PPP3CA 15
PPT1 6
PQBP1 6
PRCC 22
PRCD 5
PRDM10 11
PRDM12 12
PRDM13 24
PRDM16 31
PRDM5 8
PRDM6 11
PRDM8 9
PRDX1 17
PRDX3 22
PREP 13
PREPL 9
PRF1 49
PRG2 4
PRG4 15
PRICKLE1 7
PRICKLE3 6
PRIM1 10
PRKACA 13
PRKACB 5
PRKACG 10
PRKAG2 35
PRKAR1A 51
PRKAR1B 8
PRKCA 16
PRKCD 16
PRKCG 13
PRKCH 13
PRKCSH 11
PRKD1 5
PRKDC 8
PRKG1 16
PRKG2 12
PRKN 39
PRKRA 13
PRLR 17
PRMT7 4
PRMT9 15
PRNP 62
PROC 19
PRODH 18
PRODH2 18
PROK2 9
PROKR2 11
PROM1 12
PROP1 11
PRORP 28
PROS1 29
PROZ 11
PRPF3 3
PRPF31 4
PRPF4 5
PRPF6 5
PRPF8 7
PRPH 29
PRPH2 21
PRPS1 46
PRR12 14
PRR4 4
PRRT2 14
PRRX1 5
PRSS1 30
PRSS12 12
PRSS2 18
PRSS56 2
PRUNE1 8
PRX 16
PSAP 62
PSAT1 19
PSD 3
PSEN1 68
PSEN2 39
PSENEN 19
PSMA6 13
PSMB1 9
PSMB10 20
PSMB4 19
PSMB8 27
PSMB9 19
PSMC3 8
PSMC3IP 3
PSMD12 5
PSMG2 12
PSPH 13
PSTPIP1 14
PTCD3 33
PTCH1 30
PTCH2 26
PTCHD1 9
PTDSS1 9
PTEN 65
PTF1A 19
PTGDR 5
PTGER2 14
PTGIS 6
PTH 19
PTH1R 13
PTHLH 3
PTPA 12
PTPN1 7
PTPN11 48
PTPN12 26
PTPN14 7
PTPN22 34
PTPN23 12
PTPRC 15
PTPRF 1
PTPRJ 26
PTPRO 4
PTPRQ 8
PTRH2 16
PTS 12
PUF60 6
PUM1 20
PURA 12
PUS1 10
PUS3 11
PUS7 9
PXDN 4
PXN 4
PYCR1 22
PYCR2 14
PYGL 5
PYGM 9
PYROXD1 12
QARS1 15
QDPR 14
QRICH2 3
QRSL1 14
RAB11B 7
RAB18 14
RAB23 7
RAB27A 14
RAB28 5
RAB33B 5
RAB39B 16
RAB3GAP1 18
RAB3GAP2 24
RAB5IF 3
RABL3 12
RAC1 7
RAC2 31
RAC3 8
RAD21 23
RAD50 11
RAD51 17
RAD51C 11
RAD51D 2
RAD54B 46
RAD54L 48
RAF1 28
RAG1 43
RAG2 45
RAI1 7
RALA 10
RALGAPA1 9
RANBP2 11
RAP1B 12
RAP1GDS1 8
RAPGEF2 17
RAPSN 31
RARA 13
RARB 8
RARS1 11
RARS2 10
RASA1 34
RASGRP1 13
RASGRP2 7
RAX 17
RAX2 15
RB1 60
RB1CC1 11
RBBP8 25
RBCK1 13
RBL2 8
RBM10 5
RBM12 12
RBM20 15
RBM28 10
RBM8A 5
RBMX 16
RBP3 6
RBP4 5
RBPJ 5
RC3H1 12
RCBTB1 12
RD3 5
RDH11 5
RDH12 7
RDH5 7
RDX 2
REC114 2
RECQL 13
RECQL4 34
REEP1 14
REEP2 23
REEP6 8
REL 20
RELA 24
RELB 20
RELN 16
RELT 3
REN 22
REPS1 15
RERE 7
REST 23
RET 66
RETN 26
RETREG1 15
RFC1 17
RFT1 18
RFWD3 12
RFX5 24
RFX6 4
RFX7 7
RFXANK 17
RFXAP 15
RGR 6
RGS2 5
RGS9 4
RGS9BP 2
RHAG 9
RHBDF2 4
RHCE 6
RHD 11
RHO 13
RHOA 7
RHOBTB2 10
RHOH 6
RIC1 1
RIF1 4
RIGI 26
RILP 7
RILPL1 13
RIMS2 11
RIN2 5
RINT1 20
RIPK1 26
RIPK4 24
RIPOR2 8
RIPPLY2 9
RIT1 11
RLBP1 10
RLIM 7
RMND1 24
RNASEH1 22
RNASEH2A 11
RNASEH2B 10
RNASEH2C 16
RNASEL 14
RNASET2 6
RNF113A 8
RNF125 5
RNF13 13
RNF139 17
RNF168 8
RNF170 22
RNF2 6
RNF212 4
RNF213 17
RNF216 7
RNF220 5
RNF31 18
RNF43 23
RNF6 13
RNH1 7
RNPC3 17
ROBO1 30
ROBO2 20
ROBO3 7
ROBO4 16
ROGDI 11
ROM1 10
ROR1 5
ROR2 12
RORA 17
RORB 4
RORC 26
RP1 14
RP1L1 8
RP2 7
RP9 5
RPA1 27
RPE65 8
RPGR 21
RPGRIP1 7
RPGRIP1L 35
RPIA 5
RPL10 15
RPL10L 5
RPL11 9
RPL13 14
RPL15 12
RPL18 11
RPL21 1
RPL26 14
RPL27 8
RPL35 12
RPL35A 5
RPL3L 27
RPL5 6
RPS10 11
RPS14 9
RPS15A 12
RPS17 8
RPS19 5
RPS23 3
RPS24 10
RPS26 6
RPS27 15
RPS28 9
RPS29 10
RPS6KA3 27
RPS7 10
RPSA 14
RRAGD 16
RRAS2 24
RRM1 8
RRM2B 83
RRP7A 6
RS1 2
RSPH1 21
RSPH3 13
RSPH4A 24
RSPH9 31
RSPO1 5
RSPO2 11
RSPRY1 9
RSRC1 12
RTEL1 48
RTN2 10
RTN4IP1 6
RTN4R 12
RTTN 5
RUBCN 16
RUNX1 25
RUNX2 9
RUSC2 17
RXYLT1 10
RYR1 32
RYR2 15
RYR3 15
S1PR2 6
SACS 16
SAG 11
SALL1 8
SALL2 3
SALL4 11
SAMD12 8
SAMD9 52
SAMD9L 28
SAMHD1 35
SAR1B 11
SARDH 5
SARS1 8
SARS2 6
SASH1 9
SASH3 23
SASS6 4
SAT1 16
SATB1 12
SATB2 10
SBDS 21
SBF1 6
SBF2 8
SC5D 7
SCAF4 7
SCAPER 15
SCARB2 15
SCARF2 7
SCD 5
SCD5 3
SCG3 7
SCGB3A2 8
SCN10A 18
SCN11A 21
SCN1A 56
SCN1B 38
SCN2A 25
SCN2B 12
SCN3A 16
SCN3B 33
SCN4A 51
SCN4B 25
SCN5A 55
SCN8A 29
SCN9A 73
SCNM1 6
SCNN1A 38
SCNN1B 38
SCNN1G 34
SCO1 14
SCO2 29
SCP2 16
SCT 32
SCUBE3 11
SCYL1 17
SCYL2 12
SDC3 21
SDCCAG8 29
SDHA 58
SDHAF1 16
SDHAF2 23
SDHB 64
SDHC 55
SDHD 59
SDR9C7 5
SDS 21
SEC23A 7
SEC23B 22
SEC24D 8
SEC31A 8
SEC61A1 45
SEC63 21
SECISBP2 13
SELENBP1 3
SELENOI 14
SELENON 8
SEMA3A 10
SEMA4A 9
SEMA6B 6
SEMA7A 20
SEPSECS 12
SERAC1 24
SERPINA1 34
SERPINA3 16
SERPINA6 12
SERPINB6 5
SERPINB7 2
SERPINB8 9
SERPINC1 11
SERPIND1 19
SERPINE1 8
SERPINF1 8
SERPINF2 4
SERPING1 42
SERPINH1 18
SERPINI1 11
SET 10
SETBP1 18
SETD1A 16
SETD1B 9
SETD2 14
SETD5 12
SETX 25
SF1 47
SF3B1 12
SF3B2 3
SF3B4 2
SFRP4 8
SFTPA1 8
SFTPA2 9
SFTPB 6
SFTPC 8
SFXN4 20
SGCA 5
SGCB 7
SGCD 24
SGCE 14
SGCG 7
SGMS2 7
SGO1 25
SGPL1 6
SGSH 11
SH2B3 45
SH2D1A 13
SH3BP2 15
SH3GL1 23
SH3KBP1 10
SH3PXD2B 7
SH3TC2 34
SHANK2 8
SHANK3 25
SHH 24
SHMT2 13
SHOC1 3
SHOC2 15
SHOX 13
SHPK 3
SHQ1 15
SI 25
SIAH1 7
SIGMAR1 15
SIK1 12
SIK3 16
SIL1 19
SIN3A 12
SIPA1L3 4
SIX1 8
SIX3 17
SIX5 5
SIX6 9
SIX6OS1 11
SKI 9
SKIC2 8
SKIC3 9
SLA 12
SLC10A1 12
SLC10A2 9
SLC10A7 7
SLC11A1 19
SLC11A2 5
SLC12A1 24
SLC12A2 19
SLC12A3 19
SLC12A5 19
SLC12A6 20
SLC13A3 15
SLC13A5 11
SLC14A1 1
SLC16A1 26
SLC16A12 5
SLC16A2 14
SLC17A2 39
SLC17A3 12
SLC17A5 15
SLC17A8 4
SLC17A9 3
SLC18A2 18
SLC18A3 15
SLC19A1 18
SLC19A2 5
SLC19A3 11
SLC1A1 7
SLC1A2 11
SLC1A3 16
SLC1A4 9
SLC20A2 21
SLC22A12 6
SLC22A4 10
SLC22A5 5
SLC24A1 8
SLC24A4 5
SLC24A5 14
SLC25A1 20
SLC25A10 15
SLC25A11 9
SLC25A12 15
SLC25A13 18
SLC25A15 8
SLC25A19 24
SLC25A20 16
SLC25A21 19
SLC25A22 15
SLC25A24 9
SLC25A26 20
SLC25A3 10
SLC25A32 16
SLC25A36 10
SLC25A38 5
SLC25A4 27
SLC25A42 14
SLC25A46 19
SLC26A1 16
SLC26A2 39
SLC26A3 15
SLC26A4 11
SLC26A5 4
SLC26A8 7
SLC27A4 9
SLC28A1 9
SLC29A3 8
SLC2A1 33
SLC2A10 10
SLC2A2 19
SLC2A9 11
SLC30A10 11
SLC30A2 13
SLC30A8 12
SLC30A9 16
SLC31A1 7
SLC33A1 36
SLC34A1 39
SLC34A2 12
SLC34A3 26
SLC35A1 15
SLC35A2 17
SLC35A3 10
SLC35B2 20
SLC35C1 9
SLC35D1 7
SLC36A2 3
SLC37A4 32
SLC38A3 11
SLC38A8 4
SLC39A13 22
SLC39A14 18
SLC39A4 14
SLC39A5 4
SLC39A7 16
SLC39A8 9
SLC3A1 25
SLC40A1 10
SLC41A1 11
SLC44A1 7
SLC44A4 3
SLC45A1 17
SLC45A2 18
SLC46A1 15
SLC4A1 50
SLC4A11 24
SLC4A2 17
SLC4A3 12
SLC4A4 13
SLC51A 18
SLC51B 21
SLC52A1 13
SLC52A2 10
SLC52A3 12
SLC5A1 15
SLC5A2 9
SLC5A5 9
SLC5A6 21
SLC5A7 19
SLC6A1 14
SLC6A17 10
SLC6A19 8
SLC6A2 18
SLC6A3 25
SLC6A4 20
SLC6A5 9
SLC6A6 10
SLC6A8 15
SLC6A9 16
SLC7A14 13
SLC7A6OS 11
SLC7A7 17
SLC7A9 25
SLC9A1 15
SLC9A3 12
SLC9A3R1 14
SLC9A6 13
SLC9A7 7
SLC9A9 8
SLCO1B1 10
SLCO1B3 4
SLCO2A1 33
SLFN14 7
SLITRK1 19
SLITRK2 12
SLITRK6 8
SLURP1 4
SLX4 15
SMAD1 25
SMAD2 26
SMAD3 16
SMAD4 68
SMAD6 21
SMAD7 10
SMAD9 22
SMAP1 7
SMAP2 4
SMARCA2 17
SMARCA4 29
SMARCAD1 9
SMARCAL1 9
SMARCB1 56
SMARCC1 6
SMARCC2 11
SMARCD1 19
SMARCD2 17
SMARCE1 18
SMC1A 18
SMC2 5
SMC3 15
SMCHD1 14
SMG8 10
SMG9 18
SMN1 29
SMO 29
SMOC1 7
SMOC2 4
SMPD1 10
SMPD4 7
SMPX 23
SMS 19
SNAP25 16
SNAP29 15
SNAPC4 11
SNCA 35
SNCB 11
SNIP1 5
SNRNP200 5
SNRPB 3
SNRPE 1
SNTA1 17
SNX10 13
SNX14 12
SOBP 1
SOCS1 26
SOD1 16
SOD2 29
SOHLH1 10
SON 6
SORD 11
SORT1 1
SOS1 14
SOS2 15
SOST 12
SOX10 24
SOX11 6
SOX17 19
SOX18 6
SOX2 8
SOX3 22
SOX4 12
SOX5 6
SOX6 5
SOX9 11
SP110 32
SP6 1
SP7 7
SPACA1 7
SPAG1 38
SPAG17 2
SPARC 7
SPART 10
SPAST 12
SPATA16 3
SPATA5 5
SPATA5L1 15
SPATA7 10
SPECC1L 6
SPEF2 6
SPEG 9
SPEN 8
SPG11 34
SPG21 9
SPG7 13
SPI1 12
SPIDR 6
SPIN4 4
SPINK1 44
SPINK2 3
SPINK5 12
SPINT2 13
SPN 15
SPNS2 4
SPOP 14
SPPL2A 11
SPR 1
SPRED1 8
SPRED2 16
SPRTN 9
SPRY2 5
SPRY4 10
SPTA1 7
SPTAN1 45
SPTB 13
SPTBN1 9
SPTBN2 19
SPTBN4 10
SPTLC1 29
SPTLC2 20
SPTSSA 12
SQOR 14
SQSTM1 44
SRA1 11
SRC 21
SRCAP 19
SRD5A2 1
SRD5A3 20
SREBF1 26
SRGAP1 24
SRP54 13
SRP68 13
SRP72 16
SRPX2 3
SRRM2 18
SRSF1 11
SRY 3
SS18 16
SSBP1 8
SSR4 11
SSX1 3
SSX2 14
ST14 16
ST3GAL3 20
STAC3 19
STAG1 12
STAG2 19
STAG3 2
STAMBP 10
STAR 14
STARD7 9
STAT1 34
STAT2 20
STAT3 28
STAT4 62
STAT5B 26
STAT6 18
STEAP3 7
STEEP1 13
STIL 5
STIM1 37
STING1 14
STK11 68
STK36 24
STK4 8
STN1 15
STOX1 30
STRA6 7
STRADA 6
STRC 5
STS 3
STT3A 11
STT3B 16
STUB1 28
STX11 12
STX16 15
STX1B 4
STX3 20
STX5 19
STXBP1 17
STXBP2 26
SUCLA2 14
SUCLG1 10
SUFU 36
SULT2B1 3
SUMF1 16
SUMO1 4
SUMO4 28
SUN5 3
SUOX 14
SUPT16H 8
SURF1 19
SUZ12 10
SVBP 9
SVIL 21
SYCE1 10
SYCP2 3
SYCP3 9
SYK 14
SYN1 18
SYN2 16
SYNE1 37
SYNE2 10
SYNE4 5
SYNGAP1 12
SYNJ1 30
SYP 10
SYT1 7
SYT14 16
SYT2 22
SZT2 13
TAB2 10
TAC3 8
TACO1 20
TACR3 9
TACSTD2 7
TAF1 31
TAF13 12
TAF15 8
TAF2 13
TAF4 7
TAF4B 5
TAF6 8
TAF8 10
TAFAZZIN 19
TAL1 24
TAL2 25
TALDO1 14
TAMM41 13
TANC2 9
TANGO2 12
TAOK1 8
TAP1 19
TAP2 10
TAPBP 21
TAPT1 5
TARDBP 25
TARS1 7
TARS2 14
TAS2R16 2
TASP1 9
TAT 24
TBC1D20 15
TBC1D23 12
TBC1D24 32
TBC1D2B 10
TBC1D4 20
TBC1D7 11
TBC1D8B 7
TBCD 9
TBCE 19
TBCK 6
TBK1 34
TBL1X 12
TBL1XR1 27
TBL1Y 3
TBP 34
TBR1 14
TBX1 49
TBX15 10
TBX18 10
TBX19 10
TBX2 5
TBX20 5
TBX21 44
TBX22 1
TBX3 3
TBX4 14
TBX5 7
TBX6 8
TBXA2R 9
TBXAS1 5
TBXT 19
TCAP 33
TCEAL1 6
TCF12 16
TCF20 11
TCF3 18
TCF4 36
TCF7L2 13
TCIRG1 9
TCL1A 13
TCL1B 30
TCN2 13
TCOF1 5
TCTN2 24
TCTN3 28
TDO2 13
TDP1 25
TDP2 9
TDRD7 4
TDRD9 4
TEAD1 3
TEC 4
TECPR2 21
TECR 10
TECRL 15
TECTA 6
TEFM 20
TEK 21
TEKT3 6
TELO2 11
TENM3 6
TENM4 9
TENT5A 7
TERB1 4
TERB2 5
TERT 69
TET2 21
TET3 10
TEX11 3
TEX14 7
TEX15 5
TF 7
TFAM 23
TFAP2A 7
TFAP2B 14
TFE3 26
TFG 31
TFR2 19
TFRC 5
TG 14
TGDS 6
TGFB1 60
TGFB2 15
TGFB3 41
TGFBI 34
TGFBR1 20
TGFBR2 54
TGIF1 8
TGM1 4
TGM3 2
TGM5 5
TGM6 17
TH 9
THAP1 9
THBD 31
THBS2 14
THG1L 14
THOC1 6
THOC2 9
THOC6 10
THPO 32
THRA 16
THRB 27
THSD1 31
THSD4 13
THUMPD1 9
TIA1 16
TIAM1 8
TICAM1 15
TIE1 24
TIMELESS 1
TIMM22 10
TIMM50 8
TIMM8A 24
TIMMDC1 22
TIMP3 4
TINF2 26
TIRAP 21
TJP2 22
TK2 18
TKFC 6
TKT 31
TLCD3B 4
TLE6 2
TLK2 6
TLL1 5
TLR1 17
TLR2 36
TLR3 11
TLR5 75
TLR7 52
TLR8 12
TM4SF20 8
TMC1 9
TMC6 8
TMC8 7
TMCO1 5
TMEM106B 8
TMEM107 43
TMEM126A 6
TMEM126B 14
TMEM127 12
TMEM132E 5
TMEM138 23
TMEM147 6
TMEM151A 7
TMEM163 14
TMEM165 7
TMEM199 4
TMEM216 37
TMEM218 14
TMEM222 19
TMEM231 32
TMEM237 20
TMEM240 11
TMEM260 7
TMEM38B 5
TMEM43 31
TMEM53 5
TMEM63A 12
TMEM63C 16
TMEM67 60
TMEM70 13
TMEM94 12
TMEM98 3
TMIE 4
TMLHE 4
TMPRSS15 8
TMPRSS3 2
TMPRSS6 6
TMTC3 10
TMX2 10
TNC 6
TNF 49
TNFAIP3 40
TNFRSF10B 24
TNFRSF11A 33
TNFRSF11B 7
TNFRSF13B 32
TNFRSF13C 27
TNFRSF1A 31
TNFRSF4 10
TNFRSF9 4
TNFSF11 21
TNFSF4 12
TNIK 11
TNNC1 21
TNNC2 10
TNNI2 9
TNNI3 45
TNNI3K 13
TNNT1 18
TNNT2 38
TNNT3 9
TNPO2 11
TNPO3 13
TNR 14
TNRC6A 11
TNRC6B 16
TNXB 30
TOE1 6
TOGARAM1 34
TOM1 17
TOMM7 6
TONSL 8
TOP1 1
TOP2B 6
TOP3A 17
TOPORS 5
TOR1A 24
TOR1AIP1 5
TP53 132
TP53RK 13
TP63 34
TP73 33
TPH2 37
TPI1 7
TPK1 16
TPM1 29
TPM2 16
TPM3 19
TPM4 10
TPMT 19
TPO 42
TPP1 23
TPP2 5
TPR 12
TPRKB 14
TPRN 5
TRA 11
TRAC 11
TRAF3 12
TRAF3IP1 14
TRAF3IP2 22
TRAF7 3
TRAIP 6
TRAK1 10
TRAPPC10 6
TRAPPC11 11
TRAPPC12 9
TRAPPC2 20
TRAPPC2L 20
TRAPPC4 11
TRAPPC6B 10
TRAPPC9 9
TRDN 15
TREH 19
TREM2 19
TREX1 82
TRH 12
TRHR 16
TRIM2 10
TRIM32 21
TRIM36 2
TRIM37 11
TRIM44 9
TRIM71 10
TRIM8 15
TRIO 16
TRIOBP 8
TRIP11 10
TRIP12 9
TRIP13 9
TRIP4 22
TRIT1 25
TRMT1 9
TRMT10A 6
TRMT10C 25
TRMT5 2
TRMU 14
TRNT1 18
TRPA1 14
TRPC3 9
TRPC6 7
TRPM1 7
TRPM3 21
TRPM4 13
TRPM6 7
TRPM7 21
TRPS1 12
TRPV3 25
TRPV4 59
TRPV6 13
TRRAP 14
TSC1 34
TSC2 45
TSEN15 16
TSEN2 9
TSEN34 13
TSEN54 20
TSFM 15
TSGA10 2
TSHB 19
TSHR 65
TSHZ1 3
TSPAN12 6
TSPAN7 14
TSPEAR 9
TSPOAP1 16
TSPYL1 2
TSR2 9
TTBK2 13
TTC12 25
TTC19 17
TTC21A 5
TTC21B 19
TTC26 18
TTC29 4
TTC5 15
TTC7A 13
TTC8 14
TTF1 35
TTF2 11
TTI1 11
TTI2 9
TTLL5 8
TTMP 3
TTN 40
TTPA 19
TTR 61
TUB 8
TUBA1A 9
TUBA3D 10
TUBA4A 13
TUBA8 6
TUBB 15
TUBB1 2
TUBB2A 8
TUBB2B 11
TUBB3 14
TUBB4A 14
TUBB4B 8
TUBB6 6
TUBB8 1
TUBG1 4
TUBGCP2 2
TUBGCP4 8
TUBGCP6 8
TUFM 15
TUFT1 3
TULP1 10
TULP3 15
TUSC3 14
TWIST1 15
TWIST2 10
TWNK 41
TXN2 23
TXNDC15 12
TXNL4A 14
TXNRD2 21
TYK2 11
TYMP 44
TYMS 14
TYR 23
TYROBP 22
TYRP1 7
U2AF2 5
UBA1 30
UBA2 7
UBA5 28
UBAP1 15
UBAP2L 1
UBE2A 13
UBE2T 10
UBE3A 11
UBE3B 18
UBE3C 15
UBE4A 10
UBIAD1 4
UBQLN2 15
UBR1 22
UBR7 7
UBTF 8
UCHL1 35
UCP2 6
UCP3 22
UFC1 12
UFM1 11
UFSP2 28
UGDH 6
UGP2 10
UGT1A1 32
UGT2B17 13
UMOD 6
UMPS 4
UNC119 12
UNC13D 16
UNC45A 7
UNC45B 20
UNC80 8
UNC93B1 20
UNG 25
UPB1 9
UPF3B 12
UQCC2 18
UQCC3 11
UQCRB 16
UQCRC1 23
UQCRC2 12
UQCRFS1 13
UQCRH 18
UQCRQ 17
UROC1 1
UROD 12
UROS 8
USB1 12
USH1C 11
USH1G 7
USH2A 9
USP18 11
USP26 6
USP27X 12
USP31 5
USP45 11
USP48 5
USP53 18
USP7 8
USP8 9
USP9X 18
USP9Y 3
UVSSA 15
VAC14 9
VAMP1 29
VAMP2 11
VANGL1 9
VANGL2 16
VAPB 17
VARS1 9
VARS2 23
VAX1 3
VCAN 7
VCL 23
VCP 31
VDR 18
VEGFC 32
VEZF1 15
VHL 63
VIM 4
VIPAS39 14
VKORC1 9
VLDLR 11
VMA21 3
VPS11 19
VPS13A 20
VPS13B 18
VPS13C 13
VPS13D 16
VPS16 7
VPS33A 16
VPS33B 46
VPS35 17
VPS35L 11
VPS37A 14
VPS41 17
VPS45 17
VPS50 18
VPS51 10
VPS53 16
VRK1 20
VSX1 9
VSX2 9
VWA1 10
VWA3B 14
VWA8 5
VWF 19
WAC 8
WARS1 17
WARS2 33
WAS 45
WASF1 5
WASHC4 12
WASHC5 28
WBP11 11
WBP2 8
WDFY3 4
WDPCP 22
WDR1 15
WDR11 25
WDR19 35
WDR26 11
WDR35 17
WDR36 5
WDR37 10
WDR4 19
WDR45 13
WDR45B 10
WDR62 7
WDR72 3
WDR73 13
WDR81 11
WEE2 3
WFS1 43
WHRN 7
WIPF1 11
WIPI2 8
WLS 9
WNK1 24
WNK3 4
WNK4 4
WNT1 15
WNT10A 10
WNT10B 6
WNT2B 14
WNT3 8
WNT4 1
WNT5A 3
WNT7A 7
WRAP53 20
WRN 16
WT1 46
WWOX 42
XBP1 34
XDH 13
XIAP 20
XK 18
XPA 24
XPC 18
XPNPEP2 15
XPNPEP3 11
XPR1 12
XRCC1 25
XRCC2 31
XRCC3 7
XRCC4 7
XYLT1 13
XYLT2 19
YAP1 4
YARS1 28
YARS2 16
YEATS2 8
YIF1B 9
YIPF5 12
YME1L1 9
YRDC 14
YWHAG 10
YY1 10
YY1AP1 7
ZAP70 29
ZBTB11 10
ZBTB16 16
ZBTB18 11
ZBTB20 9
ZBTB24 16
ZBTB42 17
ZBTB7A 4
ZC3H14 10
ZC4H2 15
ZCCHC8 22
ZDHHC9 14
ZEB1 14
ZEB2 22
ZFHX3 52
ZFHX4 4
ZFP36L2 3
ZFP57 3
ZFPM2 55
ZFYVE19 15
ZFYVE26 9
ZFYVE27 9
ZIC1 7
ZIC2 5
ZIC3 21
ZMIZ1 9
ZMPSTE24 26
ZMYM2 6
ZMYM3 18
ZMYND10 15
ZMYND11 10
ZMYND15 5
ZNF141 3
ZNF142 16
ZNF148 3
ZNF292 16
ZNF335 6
ZNF341 17
ZNF365 22
ZNF407 9
ZNF408 13
ZNF423 35
ZNF462 7
ZNF469 7
ZNF513 7
ZNF526 8
ZNF644 4
ZNF668 13
ZNF687 12
ZNF699 15
ZNF711 7
ZNF750 8
ZNFX1 20
ZNHIT3 9
ZP1 4
ZP2 1
ZP3 2
ZPBP 3
ZPR1 2
ZSWIM6 14
ZSWIM7 8
